0 info it worked if it ends with ok
1 verbose cli [ '/usr/bin/node', '/usr/bin/npm', 'uninstall', 'yo', '-g' ]
2 info using npm@1.4.28
3 info using node@v0.10.33
4 verbose node symlink /usr/bin/node
5 verbose lib/node_modules/yo unbuild
6 info preuninstall yo@1.3.3
7 info uninstall yo@1.3.3
8 verbose true,/usr/lib/node_modules,/usr/lib/node_modules unbuild yo@1.3.3
9 verbose /usr/bin,[object Object] binRoot
10 error Error: EACCES, unlink '/usr/bin/yo'
10 error  { [Error: EACCES, unlink '/usr/bin/yo'] errno: 3, code: 'EACCES', path: '/usr/bin/yo' }
11 error Please try running this command again as root/Administrator.
12 error System Linux 3.13.0-24-generic
13 error command "/usr/bin/node" "/usr/bin/npm" "uninstall" "yo" "-g"
14 error cwd /home/gustav/Development/dynalib
15 error node -v v0.10.33
16 error npm -v 1.4.28
17 error path /usr/bin/yo
18 error code EACCES
19 error errno 3
20 error stack Error: EACCES, unlink '/usr/bin/yo'
21 verbose exit [ 3, true ]
